Determining if the pthread_create exist failed with the following output:
Change Dir: /home/tony/catkin_ws/build/CMakeFiles/CMakeTmp

Run Build Command:/usr/bin/make "cmTryCompileExec1726097667/fast"
/usr/bin/make -f CMakeFiles/cmTryCompileExec1726097667.dir/build.make CMakeFiles/cmTryCompileExec1726097667.dir/build
make[1]: Entering directory `/home/tony/catkin_ws/build/CMakeFiles/CMakeTmp'
/usr/bin/cmake -E cmake_progress_report /home/tony/catkin_ws/build/CMakeFiles/CMakeTmp/CMakeFiles 1
Building C object CMakeFiles/cmTryCompileExec1726097667.dir/CheckSymbolExists.c.o
/usr/bin/cc    -o CMakeFiles/cmTryCompileExec1726097667.dir/CheckSymbolExists.c.o   -c /home/tony/catkin_ws/build/CMakeFiles/CMakeTmp/CheckSymbolExists.c
Linking C executable cmTryCompileExec1726097667
/usr/bin/cmake -E cmake_link_script CMakeFiles/cmTryCompileExec1726097667.dir/link.txt --verbose=1
/usr/bin/cc       CMakeFiles/cmTryCompileExec1726097667.dir/CheckSymbolExists.c.o  -o cmTryCompileExec1726097667 -rdynamic 
CMakeFiles/cmTryCompileExec1726097667.dir/CheckSymbolExists.c.o: In function `main':
CheckSymbolExists.c:(.text+0x16): undefined reference to `pthread_create'
collect2: error: ld returned 1 exit status
make[1]: *** [cmTryCompileExec1726097667] Error 1
make[1]: Leaving directory `/home/tony/catkin_ws/build/CMakeFiles/CMakeTmp'
make: *** [cmTryCompileExec1726097667/fast] Error 2

File /home/tony/catkin_ws/build/CMakeFiles/CMakeTmp/CheckSymbolExists.c:
/* */
#include <pthread.h>

int main(int argc, char** argv)
{
  (void)argv;
#ifndef pthread_create
  return ((int*)(&pthread_create))[argc];
#else
  (void)argc;
  return 0;
#endif
}

Determining if the function pthread_create exists in the pthreads failed with the following output:
Change Dir: /home/tony/catkin_ws/build/CMakeFiles/CMakeTmp

Run Build Command:/usr/bin/make "cmTryCompileExec2193278898/fast"
/usr/bin/make -f CMakeFiles/cmTryCompileExec2193278898.dir/build.make CMakeFiles/cmTryCompileExec2193278898.dir/build
make[1]: Entering directory `/home/tony/catkin_ws/build/CMakeFiles/CMakeTmp'
/usr/bin/cmake -E cmake_progress_report /home/tony/catkin_ws/build/CMakeFiles/CMakeTmp/CMakeFiles 1
Building C object CMakeFiles/cmTryCompileExec2193278898.dir/CheckFunctionExists.c.o
/usr/bin/cc   -DCHECK_FUNCTION_EXISTS=pthread_create   -o CMakeFiles/cmTryCompileExec2193278898.dir/CheckFunctionExists.c.o   -c /usr/share/cmake-2.8/Modules/CheckFunctionExists.c
Linking C executable cmTryCompileExec2193278898
/usr/bin/cmake -E cmake_link_script CMakeFiles/cmTryCompileExec2193278898.dir/link.txt --verbose=1
/usr/bin/cc   -DCHECK_FUNCTION_EXISTS=pthread_create    CMakeFiles/cmTryCompileExec2193278898.dir/CheckFunctionExists.c.o  -o cmTryCompileExec2193278898 -rdynamic -lpthreads 
/usr/bin/ld: cannot find -lpthreads
collect2: error: ld returned 1 exit status
make[1]: Leaving directory `/home/tony/catkin_ws/build/CMakeFiles/CMakeTmp'
make[1]: *** [cmTryCompileExec2193278898] Error 1
make: *** [cmTryCompileExec2193278898/fast] Error 2


Determining if the Q_WS_WIN exist failed with the following output:
Change Dir: /home/tony/catkin_ws/build/CMakeFiles/CMakeTmp

Run Build Command:/usr/bin/make "cmTryCompileExec5983958/fast"
/usr/bin/make -f CMakeFiles/cmTryCompileExec5983958.dir/build.make CMakeFiles/cmTryCompileExec5983958.dir/build
make[1]: Entering directory `/home/tony/catkin_ws/build/CMakeFiles/CMakeTmp'
/usr/bin/cmake -E cmake_progress_report /home/tony/catkin_ws/build/CMakeFiles/CMakeTmp/CMakeFiles 1
Building CXX object CMakeFiles/cmTryCompileExec5983958.dir/CheckSymbolExists.cxx.o
/usr/bin/c++    -I/usr/include/qt4    -o CMakeFiles/cmTryCompileExec5983958.dir/CheckSymbolExists.cxx.o -c /home/tony/catkin_ws/build/CMakeFiles/CMakeTmp/CheckSymbolExists.cxx
/home/tony/catkin_ws/build/CMakeFiles/CMakeTmp/CheckSymbolExists.cxx: In function ‘int main(int, char**)’:
/home/tony/catkin_ws/build/CMakeFiles/CMakeTmp/CheckSymbolExists.cxx:8:19: error: ‘Q_WS_WIN’ was not declared in this scope
   return ((int*)(&Q_WS_WIN))[argc];
                   ^
make[1]: *** [CMakeFiles/cmTryCompileExec5983958.dir/CheckSymbolExists.cxx.o] Error 1
make[1]: Leaving directory `/home/tony/catkin_ws/build/CMakeFiles/CMakeTmp'
make: *** [cmTryCompileExec5983958/fast] Error 2

File /home/tony/catkin_ws/build/CMakeFiles/CMakeTmp/CheckSymbolExists.cxx:
/* */
#include <QtCore/qglobal.h>

int main(int argc, char** argv)
{
  (void)argv;
#ifndef Q_WS_WIN
  return ((int*)(&Q_WS_WIN))[argc];
#else
  (void)argc;
  return 0;
#endif
}

Determining if the Q_WS_QWS exist failed with the following output:
Change Dir: /home/tony/catkin_ws/build/CMakeFiles/CMakeTmp

Run Build Command:/usr/bin/make "cmTryCompileExec3946895873/fast"
/usr/bin/make -f CMakeFiles/cmTryCompileExec3946895873.dir/build.make CMakeFiles/cmTryCompileExec3946895873.dir/build
make[1]: Entering directory `/home/tony/catkin_ws/build/CMakeFiles/CMakeTmp'
/usr/bin/cmake -E cmake_progress_report /home/tony/catkin_ws/build/CMakeFiles/CMakeTmp/CMakeFiles 1
Building CXX object CMakeFiles/cmTryCompileExec3946895873.dir/CheckSymbolExists.cxx.o
/usr/bin/c++    -I/usr/include/qt4    -o CMakeFiles/cmTryCompileExec3946895873.dir/CheckSymbolExists.cxx.o -c /home/tony/catkin_ws/build/CMakeFiles/CMakeTmp/CheckSymbolExists.cxx
/home/tony/catkin_ws/build/CMakeFiles/CMakeTmp/CheckSymbolExists.cxx: In function ‘int main(int, char**)’:
/home/tony/catkin_ws/build/CMakeFiles/CMakeTmp/CheckSymbolExists.cxx:8:19: error: ‘Q_WS_QWS’ was not declared in this scope
   return ((int*)(&Q_WS_QWS))[argc];
                   ^
make[1]: Leaving directory `/home/tony/catkin_ws/build/CMakeFiles/CMakeTmp'
make[1]: *** [CMakeFiles/cmTryCompileExec3946895873.dir/CheckSymbolExists.cxx.o] Error 1
make: *** [cmTryCompileExec3946895873/fast] Error 2

File /home/tony/catkin_ws/build/CMakeFiles/CMakeTmp/CheckSymbolExists.cxx:
/* */
#include <QtCore/qglobal.h>

int main(int argc, char** argv)
{
  (void)argv;
#ifndef Q_WS_QWS
  return ((int*)(&Q_WS_QWS))[argc];
#else
  (void)argc;
  return 0;
#endif
}

Determining if the Q_WS_MAC exist failed with the following output:
Change Dir: /home/tony/catkin_ws/build/CMakeFiles/CMakeTmp

Run Build Command:/usr/bin/make "cmTryCompileExec1472643867/fast"
/usr/bin/make -f CMakeFiles/cmTryCompileExec1472643867.dir/build.make CMakeFiles/cmTryCompileExec1472643867.dir/build
make[1]: Entering directory `/home/tony/catkin_ws/build/CMakeFiles/CMakeTmp'
/usr/bin/cmake -E cmake_progress_report /home/tony/catkin_ws/build/CMakeFiles/CMakeTmp/CMakeFiles 1
Building CXX object CMakeFiles/cmTryCompileExec1472643867.dir/CheckSymbolExists.cxx.o
/usr/bin/c++    -I/usr/include/qt4    -o CMakeFiles/cmTryCompileExec1472643867.dir/CheckSymbolExists.cxx.o -c /home/tony/catkin_ws/build/CMakeFiles/CMakeTmp/CheckSymbolExists.cxx
/home/tony/catkin_ws/build/CMakeFiles/CMakeTmp/CheckSymbolExists.cxx: In function ‘int main(int, char**)’:
/home/tony/catkin_ws/build/CMakeFiles/CMakeTmp/CheckSymbolExists.cxx:8:19: error: ‘Q_WS_MAC’ was not declared in this scope
   return ((int*)(&Q_WS_MAC))[argc];
                   ^
make[1]: *** [CMakeFiles/cmTryCompileExec1472643867.dir/CheckSymbolExists.cxx.o] Error 1
make[1]: Leaving directory `/home/tony/catkin_ws/build/CMakeFiles/CMakeTmp'
make: *** [cmTryCompileExec1472643867/fast] Error 2

File /home/tony/catkin_ws/build/CMakeFiles/CMakeTmp/CheckSymbolExists.cxx:
/* */
#include <QtCore/qglobal.h>

int main(int argc, char** argv)
{
  (void)argv;
#ifndef Q_WS_MAC
  return ((int*)(&Q_WS_MAC))[argc];
#else
  (void)argc;
  return 0;
#endif
}

